2026-03-02 16:51:45 - Starting D:\Program Files\nodejs\node.exe  --harmony D:\www\shinewayscada\node_modules\node-windows\lib\wrapper.js --file D:\www\shinewayscada\service-start.cjs --scriptoptions= --log "ShinewayScada wrapper" --grow 0.25 --wait 1 --maxrestarts 3 --abortonerror n --stopparentfirst undefined
2026-03-02 16:51:45 - Started 16436
2026-03-02 16:54:52 - Stopping shinewayscada.exe
2026-03-02 16:54:52 - ProcessKill 16436
2026-03-02 16:54:52 - Found child process: 244 Name: conhost.exe
2026-03-02 16:54:52 - Found child process: 6500 Name: node.exe
2026-03-02 16:54:52 - Stopping process 244
2026-03-02 16:54:52 - Send SIGINT 244
2026-03-02 16:54:52 - SIGINT to 244 failed - Killing as fallback
2026-03-02 16:54:53 - Found child process: 17288 Name: cmd.exe
2026-03-02 16:54:53 - Found child process: 20060 Name: conhost.exe
2026-03-02 16:54:53 - Found child process: 17440 Name: cmd.exe
2026-03-02 16:54:53 - Stopping process 20060
2026-03-02 16:54:53 - Send SIGINT 20060
2026-03-02 16:54:53 - SIGINT to 20060 failed - Killing as fallback
2026-03-02 16:54:53 - Found child process: 20184 Name: node.exe
2026-03-02 16:54:53 - Stopping process 20184
2026-03-02 16:54:53 - Send SIGINT 20184
2026-03-02 16:54:53 - SIGINT to 20184 failed - Killing as fallback
2026-03-02 16:54:53 - Stopping process 17440
2026-03-02 16:54:53 - Send SIGINT 17440
2026-03-02 16:54:53 - SIGINT to 17440 failed - Killing as fallback
2026-03-02 16:54:53 - Stopping process 17288
2026-03-02 16:54:53 - Process 17288 is already stopped
2026-03-02 16:54:53 - Stopping process 6500
2026-03-02 16:54:53 - Send SIGINT 6500
2026-03-02 16:54:53 - SIGINT to 6500 failed - Killing as fallback
2026-03-02 16:54:53 - Stopping process 16436
2026-03-02 16:54:53 - Send SIGINT 16436
2026-03-02 16:54:53 - SIGINT to 16436 failed - Killing as fallback
2026-03-02 16:54:53 - Finished shinewayscada.exe
